[0.223s] Invoking command in '/home/samuel/EiRT-AscenD-Robotics/build/hmi': AMENT_PREFIX_PATH=/home/samuel/EiRT-AscenD-Robotics/install/dronehive_interfaces:${AMENT_PREFIX_PATH} CMAKE_PREFIX_PATH=/home/samuel/EiRT-AscenD-Robotics/install/dronehive_interfaces:/home/samuel/EiRT-AscenD-Robotics/ros2_ws/install/hmi_backend:/home/samuel/EiRT-AscenD-Robotics/ros2_ws/install/hmi:/home/samuel/EiRT-AscenD-Robotics/ros2_ws/install/dronehive_interfaces:/home/samuel/EiRT-AscenD-Robotics/ros2_ws/install/dronehive:/opt/ros/humble LD_LIBRARY_PATH=/home/samuel/EiRT-AscenD-Robotics/install/dronehive_interfaces/lib:${LD_LIBRARY_PATH} PYTHONPATH=/home/samuel/EiRT-AscenD-Robotics/install/dronehive_interfaces/local/lib/python3.10/dist-packages:${PYTHONPATH} /usr/bin/cmake /home/samuel/EiRT-AscenD-Robotics/ros2_ws/src/hmi -DCMAKE_INSTALL_PREFIX=/home/samuel/EiRT-AscenD-Robotics/install/hmi
[0.268s] -- The C compiler identification is GNU 11.4.0
[0.315s] -- The CXX compiler identification is GNU 11.4.0
[0.321s] -- Detecting C compiler ABI info
[0.381s] -- Detecting C compiler ABI info - done
[0.386s] -- Check for working C compiler: /usr/bin/cc - skipped
[0.386s] -- Detecting C compile features
[0.386s] -- Detecting C compile features - done
[0.388s] -- Detecting CXX compiler ABI info
[0.460s] -- Detecting CXX compiler ABI info - done
[0.465s] -- Check for working CXX compiler: /usr/bin/c++ - skipped
[0.465s] -- Detecting CXX compile features
[0.466s] -- Detecting CXX compile features - done
[0.468s] -- Found ament_cmake: 1.3.12 (/opt/ros/humble/share/ament_cmake/cmake)
[0.596s] -- Found Python3: /usr/bin/python3 (found version "3.10.12") found components: Interpreter 
[0.676s] -- Found rclcpp: 16.0.15 (/opt/ros/humble/share/rclcpp/cmake)
[0.718s] -- Found rosidl_generator_c: 3.1.7 (/opt/ros/humble/share/rosidl_generator_c/cmake)
[0.722s] -- Found rosidl_adapter: 3.1.7 (/opt/ros/humble/share/rosidl_adapter/cmake)
[0.730s] -- Found rosidl_generator_cpp: 3.1.7 (/opt/ros/humble/share/rosidl_generator_cpp/cmake)
[0.740s] -- Using all available rosidl_typesupport_c: rosidl_typesupport_fastrtps_c;rosidl_typesupport_introspection_c
[0.753s] -- Using all available rosidl_typesupport_cpp: rosidl_typesupport_fastrtps_cpp;rosidl_typesupport_introspection_cpp
[0.797s] -- Found rmw_implementation_cmake: 6.1.2 (/opt/ros/humble/share/rmw_implementation_cmake/cmake)
[0.800s] -- Found rmw_fastrtps_cpp: 6.2.9 (/opt/ros/humble/share/rmw_fastrtps_cpp/cmake)
[0.899s] -- Found OpenSSL: /usr/lib/x86_64-linux-gnu/libcrypto.so (found version "3.0.2")  
[0.927s] -- Found FastRTPS: /opt/ros/humble/include  
[0.966s] -- Using RMW implementation 'rmw_fastrtps_cpp' as default
[0.977s] -- Looking for pthread.h
[1.040s] -- Looking for pthread.h - found
[1.040s] -- Performing Test CMAKE_HAVE_LIBC_PTHREAD
[1.104s] -- Performing Test CMAKE_HAVE_LIBC_PTHREAD - Success
[1.105s] -- Found Threads: TRUE  
[1.150s] -- Found dronehive_interfaces: 0.0.0 (/home/samuel/EiRT-AscenD-Robotics/install/dronehive_interfaces/share/dronehive_interfaces/cmake)
[1.180s] -- Found ament_lint_auto: 0.12.14 (/opt/ros/humble/share/ament_lint_auto/cmake)
[1.261s] -- Added test 'cppcheck' to perform static code analysis on C / C++ code
[1.261s] -- Configured cppcheck include dirs: /home/samuel/EiRT-AscenD-Robotics/ros2_ws/src/hmi/include
[1.261s] -- Configured cppcheck exclude dirs and/or files: 
[1.262s] -- Added test 'flake8' to check Python code syntax and style conventions
[1.264s] -- Added test 'lint_cmake' to check CMake code style
[1.265s] -- Added test 'pep257' to check Python code against some of the docstring style conventions in PEP 257
[1.270s] -- Added test 'uncrustify' to check C / C++ code style
[1.270s] -- Configured uncrustify additional arguments: 
[1.271s] -- Added test 'xmllint' to check XML markup files
[1.272s] -- Configuring done
[1.293s] -- Generating done
[1.296s] -- Build files have been written to: /home/samuel/EiRT-AscenD-Robotics/build/hmi
[1.307s] Invoked command in '/home/samuel/EiRT-AscenD-Robotics/build/hmi' returned '0': AMENT_PREFIX_PATH=/home/samuel/EiRT-AscenD-Robotics/install/dronehive_interfaces:${AMENT_PREFIX_PATH} CMAKE_PREFIX_PATH=/home/samuel/EiRT-AscenD-Robotics/install/dronehive_interfaces:/home/samuel/EiRT-AscenD-Robotics/ros2_ws/install/hmi_backend:/home/samuel/EiRT-AscenD-Robotics/ros2_ws/install/hmi:/home/samuel/EiRT-AscenD-Robotics/ros2_ws/install/dronehive_interfaces:/home/samuel/EiRT-AscenD-Robotics/ros2_ws/install/dronehive:/opt/ros/humble LD_LIBRARY_PATH=/home/samuel/EiRT-AscenD-Robotics/install/dronehive_interfaces/lib:${LD_LIBRARY_PATH} PYTHONPATH=/home/samuel/EiRT-AscenD-Robotics/install/dronehive_interfaces/local/lib/python3.10/dist-packages:${PYTHONPATH} /usr/bin/cmake /home/samuel/EiRT-AscenD-Robotics/ros2_ws/src/hmi -DCMAKE_INSTALL_PREFIX=/home/samuel/EiRT-AscenD-Robotics/install/hmi
[1.308s] Invoking command in '/home/samuel/EiRT-AscenD-Robotics/build/hmi': AMENT_PREFIX_PATH=/home/samuel/EiRT-AscenD-Robotics/install/dronehive_interfaces:${AMENT_PREFIX_PATH} CMAKE_PREFIX_PATH=/home/samuel/EiRT-AscenD-Robotics/install/dronehive_interfaces:/home/samuel/EiRT-AscenD-Robotics/ros2_ws/install/hmi_backend:/home/samuel/EiRT-AscenD-Robotics/ros2_ws/install/hmi:/home/samuel/EiRT-AscenD-Robotics/ros2_ws/install/dronehive_interfaces:/home/samuel/EiRT-AscenD-Robotics/ros2_ws/install/dronehive:/opt/ros/humble LD_LIBRARY_PATH=/home/samuel/EiRT-AscenD-Robotics/install/dronehive_interfaces/lib:${LD_LIBRARY_PATH} PYTHONPATH=/home/samuel/EiRT-AscenD-Robotics/install/dronehive_interfaces/local/lib/python3.10/dist-packages:${PYTHONPATH} /usr/bin/cmake --build /home/samuel/EiRT-AscenD-Robotics/build/hmi -- -j16 -l16
[1.352s] [  7%] [34m[1mAutomatic MOC for target frontend_node[0m
[1.694s] [  7%] Built target frontend_node_autogen
[1.704s] [ 15%] [34m[1mGenerating qrc_resources.cpp[0m
[1.809s] [ 30%] [32mBuilding CXX object CMakeFiles/frontend_node.dir/src/main.cpp.o[0m
[1.810s] [ 30%] [32mBuilding CXX object CMakeFiles/frontend_node.dir/src/mainwindow.cpp.o[0m
[1.810s] [ 38%] [32mBuilding CXX object CMakeFiles/frontend_node.dir/frontend_node_autogen/mocs_compilation.cpp.o[0m
[1.811s] [ 46%] [32mBuilding CXX object CMakeFiles/frontend_node.dir/src/box.cpp.o[0m
[1.811s] [ 61%] [32mBuilding CXX object CMakeFiles/frontend_node.dir/src/backend_manager.cpp.o[0m
[1.812s] [ 53%] [32mBuilding CXX object CMakeFiles/frontend_node.dir/src/drone.cpp.o[0m
[1.812s] [ 69%] [32mBuilding CXX object CMakeFiles/frontend_node.dir/src/box_timeout_dialog.cpp.o[0m
[1.812s] [ 84%] [32mBuilding CXX object CMakeFiles/frontend_node.dir/src/warehouseframe.cpp.o[0m
[1.812s] [ 84%] [32mBuilding CXX object CMakeFiles/frontend_node.dir/src/new_box_dialog.cpp.o[0m
[1.813s] [ 92%] [32mBuilding CXX object CMakeFiles/frontend_node.dir/qrc_resources.cpp.o[0m
[3.000s] [01m[K/home/samuel/EiRT-AscenD-Robotics/ros2_ws/src/hmi/src/box_timeout_dialog.cpp:[m[K In constructor â€˜[01m[KBoxTimeoutDialog::BoxTimeoutDialog(QWidget*)[m[Kâ€™:
[3.000s] [01m[K/home/samuel/EiRT-AscenD-Robotics/ros2_ws/src/hmi/src/box_timeout_dialog.cpp:4:45:[m[K [01;35m[Kwarning: [m[Kunused parameter â€˜[01m[Kparent[m[Kâ€™ [[01;35m[K]8;;https://gcc.gnu.org/onlinedocs/gcc/Warning-Options.html#index-Wunused-parameter-Wunused-parameter]8;;[m[K]
[3.000s]     4 | BoxTimeoutDialog::BoxTimeoutDialog([01;35m[KQWidget* parent[m[K)
[3.000s]       |                                    [01;35m[K~~~~~~~~~^~~~~~[m[K
[4.664s] In file included from [01m[K/home/samuel/EiRT-AscenD-Robotics/ros2_ws/src/hmi/src/box.cpp:2[m[K:
[4.664s] [01m[K/home/samuel/EiRT-AscenD-Robotics/ros2_ws/src/hmi/include/box.h:[m[K In constructor â€˜[01m[KBox::Box(int, Coordinates, std::string, std::string, int)[m[Kâ€™:
[4.664s] [01m[K/home/samuel/EiRT-AscenD-Robotics/ros2_ws/src/hmi/include/box.h:73:21:[m[K [01;35m[Kwarning: [m[Kâ€˜[01m[KBox::coord[m[Kâ€™ will be initialized after [[01;35m[K]8;;https://gcc.gnu.org/onlinedocs/gcc/Warning-Options.html#index-Wreorder-Wreorder]8;;[m[K]
[4.664s]    73 |         Coordinates [01;35m[Kcoord[m[K;
[4.664s]       |                     [01;35m[K^~~~~[m[K
[4.664s] [01m[K/home/samuel/EiRT-AscenD-Robotics/ros2_ws/src/hmi/include/box.h:70:21:[m[K [01;35m[Kwarning: [m[K  â€˜[01m[Kstd::string Box::id[m[Kâ€™ [[01;35m[K]8;;https://gcc.gnu.org/onlinedocs/gcc/Warning-Options.html#index-Wreorder-Wreorder]8;;[m[K]
[4.664s]    70 |         std::string [01;35m[Kid[m[K;
[4.664s]       |                     [01;35m[K^~[m[K
[4.664s] [01m[K/home/samuel/EiRT-AscenD-Robotics/ros2_ws/src/hmi/src/box.cpp:4:1:[m[K [01;35m[Kwarning: [m[K  when initialized here [[01;35m[K]8;;https://gcc.gnu.org/onlinedocs/gcc/Warning-Options.html#index-Wreorder-Wreorder]8;;[m[K]
[4.665s]     4 | [01;35m[KBox[m[K::Box(int type, Coordinates coord, std::string id, std::string status, int number) :
[4.665s]       | [01;35m[K^~~[m[K
[4.665s] In file included from [01m[K/home/samuel/EiRT-AscenD-Robotics/ros2_ws/src/hmi/src/box.cpp:2[m[K:
[4.665s] [01m[K/home/samuel/EiRT-AscenD-Robotics/ros2_ws/src/hmi/include/box.h:72:13:[m[K [01;35m[Kwarning: [m[Kâ€˜[01m[KBox::number[m[Kâ€™ will be initialized after [[01;35m[K]8;;https://gcc.gnu.org/onlinedocs/gcc/Warning-Options.html#index-Wreorder-Wreorder]8;;[m[K]
[4.665s]    72 |         int [01;35m[Knumber[m[K;
[4.665s]       |             [01;35m[K^~~~~~[m[K
[4.665s] [01m[K/home/samuel/EiRT-AscenD-Robotics/ros2_ws/src/hmi/include/box.h:71:21:[m[K [01;35m[Kwarning: [m[K  â€˜[01m[Kstd::string Box::status[m[Kâ€™ [[01;35m[K]8;;https://gcc.gnu.org/onlinedocs/gcc/Warning-Options.html#index-Wreorder-Wreorder]8;;[m[K]
[4.665s]    71 |         std::string [01;35m[Kstatus[m[K;
[4.665s]       |                     [01;35m[K^~~~~~[m[K
[4.665s] [01m[K/home/samuel/EiRT-AscenD-Robotics/ros2_ws/src/hmi/src/box.cpp:4:1:[m[K [01;35m[Kwarning: [m[K  when initialized here [[01;35m[K]8;;https://gcc.gnu.org/onlinedocs/gcc/Warning-Options.html#index-Wreorder-Wreorder]8;;[m[K]
[4.665s]     4 | [01;35m[KBox[m[K::Box(int type, Coordinates coord, std::string id, std::string status, int number) :
[4.665s]       | [01;35m[K^~~[m[K
[5.297s] In file included from [01m[K/home/samuel/EiRT-AscenD-Robotics/ros2_ws/src/hmi/src/new_box_dialog.cpp:2[m[K:
[5.297s] [01m[K/home/samuel/EiRT-AscenD-Robotics/ros2_ws/src/hmi/include/new_box_dialog.h:[m[K In constructor â€˜[01m[KNewBoxDialog::NewBoxDialog(QWidget*, float, float, float, std::string)[m[Kâ€™:
[5.297s] [01m[K/home/samuel/EiRT-AscenD-Robotics/ros2_ws/src/hmi/include/new_box_dialog.h:42:11:[m[K [01;35m[Kwarning: [m[Kâ€˜[01m[KNewBoxDialog::box_alt[m[Kâ€™ will be initialized after [[01;35m[K]8;;https://gcc.gnu.org/onlinedocs/gcc/Warning-Options.html#index-Wreorder-Wreorder]8;;[m[K]
[5.297s]    42 |     float [01;35m[Kbox_alt[m[K;
[5.298s]       |           [01;35m[K^~~~~~~[m[K
[5.298s] [01m[K/home/samuel/EiRT-AscenD-Robotics/ros2_ws/src/hmi/include/new_box_dialog.h:40:11:[m[K [01;35m[Kwarning: [m[K  â€˜[01m[Kfloat NewBoxDialog::box_lat[m[Kâ€™ [[01;35m[K]8;;https://gcc.gnu.org/onlinedocs/gcc/Warning-Options.html#index-Wreorder-Wreorder]8;;[m[K]
[5.298s]    40 |     float [01;35m[Kbox_lat[m[K;
[5.298s]       |           [01;35m[K^~~~~~~[m[K
[5.298s] [01m[K/home/samuel/EiRT-AscenD-Robotics/ros2_ws/src/hmi/src/new_box_dialog.cpp:4:1:[m[K [01;35m[Kwarning: [m[K  when initialized here [[01;35m[K]8;;https://gcc.gnu.org/onlinedocs/gcc/Warning-Options.html#index-Wreorder-Wreorder]8;;[m[K]
[5.298s]     4 | [01;35m[KNewBoxDialog[m[K::NewBoxDialog(QWidget *parent, float lat, float lon, float alt, std::string box_id)
[5.298s]       | [01;35m[K^~~~~~~~~~~~[m[K
[5.298s] In file included from [01m[K/home/samuel/EiRT-AscenD-Robotics/ros2_ws/src/hmi/src/new_box_dialog.cpp:2[m[K:
[5.298s] [01m[K/home/samuel/EiRT-AscenD-Robotics/ros2_ws/src/hmi/include/new_box_dialog.h:41:11:[m[K [01;35m[Kwarning: [m[Kâ€˜[01m[KNewBoxDialog::box_lon[m[Kâ€™ will be initialized after [[01;35m[K]8;;https://gcc.gnu.org/onlinedocs/gcc/Warning-Options.html#index-Wreorder-Wreorder]8;;[m[K]
[5.298s]    41 |     float [01;35m[Kbox_lon[m[K;
[5.298s]       |           [01;35m[K^~~~~~~[m[K
[5.298s] [01m[K/home/samuel/EiRT-AscenD-Robotics/ros2_ws/src/hmi/include/new_box_dialog.h:39:17:[m[K [01;35m[Kwarning: [m[K  â€˜[01m[Kstd::string NewBoxDialog::box_id[m[Kâ€™ [[01;35m[K]8;;https://gcc.gnu.org/onlinedocs/gcc/Warning-Options.html#index-Wreorder-Wreorder]8;;[m[K]
[5.298s]    39 |     std::string [01;35m[Kbox_id[m[K;
[5.298s]       |                 [01;35m[K^~~~~~[m[K
[5.299s] [01m[K/home/samuel/EiRT-AscenD-Robotics/ros2_ws/src/hmi/src/new_box_dialog.cpp:4:1:[m[K [01;35m[Kwarning: [m[K  when initialized here [[01;35m[K]8;;https://gcc.gnu.org/onlinedocs/gcc/Warning-Options.html#index-Wreorder-Wreorder]8;;[m[K]
[5.299s]     4 | [01;35m[KNewBoxDialog[m[K::NewBoxDialog(QWidget *parent, float lat, float lon, float alt, std::string box_id)
[5.299s]       | [01;35m[K^~~~~~~~~~~~[m[K
[5.676s] [01m[K/home/samuel/EiRT-AscenD-Robotics/ros2_ws/src/hmi/src/warehouseframe.cpp:[m[K In member function â€˜[01m[Kvoid WarehouseFrame::incrementScaleFactor()[m[Kâ€™:
[5.676s] [01m[K/home/samuel/EiRT-AscenD-Robotics/ros2_ws/src/hmi/src/warehouseframe.cpp:155:13:[m[K [01;31m[Kerror: [m[Kexpected â€˜[01m[K;[m[Kâ€™ before â€˜[01m[K}[m[Kâ€™ token
[5.676s]   155 | 
[5.676s]       |             [01;31m[K^[m[K
[5.676s]       |             [32m[K;[m[K
[5.676s]   156 | [32m[K [m[K   update();
[5.676s]       |              
[6.239s] In file included from [01m[K/home/samuel/EiRT-AscenD-Robotics/ros2_ws/src/hmi/src/mainwindow.cpp:2[m[K:
[6.239s] [01m[K/home/samuel/EiRT-AscenD-Robotics/ros2_ws/src/hmi/include/mainwindow.h:[m[K In constructor â€˜[01m[KMainWindow::MainWindow(QWidget*)[m[Kâ€™:
[6.240s] [01m[K/home/samuel/EiRT-AscenD-Robotics/ros2_ws/src/hmi/include/mainwindow.h:101:10:[m[K [01;35m[Kwarning: [m[Kâ€˜[01m[KMainWindow::master_exists[m[Kâ€™ will be initialized after [[01;35m[K]8;;https://gcc.gnu.org/onlinedocs/gcc/Warning-Options.html#index-Wreorder-Wreorder]8;;[m[K]
[6.240s]   101 |     bool [01;35m[Kmaster_exists[m[K;
[6.240s]       |          [01;35m[K^~~~~~~~~~~~~[m[K
[6.240s] [01m[K/home/samuel/EiRT-AscenD-Robotics/ros2_ws/src/hmi/include/mainwindow.h:100:9:[m[K [01;35m[Kwarning: [m[K  â€˜[01m[Kint MainWindow::number_of_boxes[m[Kâ€™ [[01;35m[K]8;;https://gcc.gnu.org/onlinedocs/gcc/Warning-Options.html#index-Wreorder-Wreorder]8;;[m[K]
[6.240s]   100 |     int [01;35m[Knumber_of_boxes[m[K;
[6.240s]       |         [01;35m[K^~~~~~~~~~~~~~~[m[K
[6.240s] [01m[K/home/samuel/EiRT-AscenD-Robotics/ros2_ws/src/hmi/src/mainwindow.cpp:17:1:[m[K [01;35m[Kwarning: [m[K  when initialized here [[01;35m[K]8;;https://gcc.gnu.org/onlinedocs/gcc/Warning-Options.html#index-Wreorder-Wreorder]8;;[m[K]
[6.240s]    17 | [01;35m[KMainWindow[m[K::MainWindow(QWidget *parent)
[6.240s]       | [01;35m[K^~~~~~~~~~[m[K
[6.245s] gmake[2]: *** [CMakeFiles/frontend_node.dir/build.make:227: CMakeFiles/frontend_node.dir/src/warehouseframe.cpp.o] Error 1
[6.245s] gmake[2]: *** Waiting for unfinished jobs....
[6.262s] In file included from [01m[K/opt/ros/humble/include/rclcpp/rclcpp/logging.hpp:24[m[K,
[6.262s]                  from [01m[K/opt/ros/humble/include/rclcpp/rclcpp/client.hpp:40[m[K,
[6.262s]                  from [01m[K/opt/ros/humble/include/rclcpp/rclcpp/callback_group.hpp:24[m[K,
[6.262s]                  from [01m[K/opt/ros/humble/include/rclcpp/rclcpp/any_executable.hpp:20[m[K,
[6.262s]                  from [01m[K/opt/ros/humble/include/rclcpp/rclcpp/memory_strategy.hpp:25[m[K,
[6.263s]                  from [01m[K/opt/ros/humble/include/rclcpp/rclcpp/memory_strategies.hpp:18[m[K,
[6.263s]                  from [01m[K/opt/ros/humble/include/rclcpp/rclcpp/executor_options.hpp:20[m[K,
[6.263s]                  from [01m[K/opt/ros/humble/include/rclcpp/rclcpp/executor.hpp:37[m[K,
[6.263s]                  from [01m[K/opt/ros/humble/include/rclcpp/rclcpp/executors/multi_threaded_executor.hpp:25[m[K,
[6.263s]                  from [01m[K/opt/ros/humble/include/rclcpp/rclcpp/executors.hpp:21[m[K,
[6.263s]                  from [01m[K/opt/ros/humble/include/rclcpp/rclcpp/rclcpp.hpp:155[m[K,
[6.263s]                  from [01m[K/home/samuel/EiRT-AscenD-Robotics/ros2_ws/src/hmi/include/mainwindow.h:18[m[K,
[6.263s]                  from [01m[K/home/samuel/EiRT-AscenD-Robotics/ros2_ws/src/hmi/src/mainwindow.cpp:2[m[K:
[6.263s] [01m[K/home/samuel/EiRT-AscenD-Robotics/ros2_ws/src/hmi/src/mainwindow.cpp:[m[K In member function â€˜[01m[Kvoid MainWindow::onBackendBoxStatusMessage(dronehive_interfaces::msg::BoxFullStatus_<std::allocator<void> >::SharedPtr)[m[Kâ€™:
[6.263s] [01m[K/home/samuel/EiRT-AscenD-Robotics/ros2_ws/src/hmi/src/mainwindow.cpp:111:51:[m[K [01;35m[Kwarning: [m[Kformat â€˜[01m[K%s[m[Kâ€™ expects argument of type â€˜[01m[Kchar*[m[Kâ€™, but argument 5 has type â€˜[01m[Kdronehive_interfaces::msg::BoxFullStatus_<std::allocator<void> >::_box_status_type[m[Kâ€™ {aka â€˜[01m[Kstd::__cxx11::basic_string<char>[m[Kâ€™} [[01;35m[K]8;;https://gcc.gnu.org/onlinedocs/gcc/Warning-Options.html#index-Wformat=-Wformat=]8;;[m[K]
[6.263s]   111 |     RCLCPP_INFO(rclcpp::get_logger("MainWindow"), [01;35m[K"Got box status : %s"[m[K, msg->box_status);
[6.263s]       |                                                   [01;35m[K^~~~~~~~~~~~~~~~~~~~~[m[K
[6.263s] [01m[K/home/samuel/EiRT-AscenD-Robotics/ros2_ws/src/hmi/src/mainwindow.cpp:111:70:[m[K [01;36m[Knote: [m[Kformat string is defined here
[6.263s]   111 |     RCLCPP_INFO(rclcpp::get_logger("MainWindow"), "Got box status : [01;36m[K%s[m[K", msg->box_status);
[6.263s]       |                                                                     [01;36m[K~^[m[K
[6.263s]       |                                                                      [01;36m[K|[m[K
[6.263s]       |                                                                      [01;36m[Kchar*[m[K
[6.285s] [01m[K/home/samuel/EiRT-AscenD-Robotics/ros2_ws/src/hmi/src/mainwindow.cpp:[m[K In member function â€˜[01m[Kvoid MainWindow::on_zoom_in_out_slider_valueChanged(int)[m[Kâ€™:
[6.286s] [01m[K/home/samuel/EiRT-AscenD-Robotics/ros2_ws/src/hmi/src/mainwindow.cpp:391:57:[m[K [01;35m[Kwarning: [m[Kunused parameter â€˜[01m[Kvalue[m[Kâ€™ [[01;35m[K]8;;https://gcc.gnu.org/onlinedocs/gcc/Warning-Options.html#index-Wunused-parameter-Wunused-parameter]8;;[m[K]
[6.286s]   391 | void MainWindow::on_zoom_in_out_slider_valueChanged([01;35m[Kint value[m[K)
[6.286s]       |                                                     [01;35m[K~~~~^~~~~[m[K
[12.855s] gmake[2]: *** [CMakeFiles/frontend_node.dir/build.make:143: CMakeFiles/frontend_node.dir/src/mainwindow.cpp.o] Interrupt
[12.855s] gmake[1]: *** [CMakeFiles/Makefile2:138: CMakeFiles/frontend_node.dir/all] Interrupt
[12.856s] gmake: *** [Makefile:146: all] Interrupt
[12.936s] Invoked command in '/home/samuel/EiRT-AscenD-Robotics/build/hmi' returned '-2': AMENT_PREFIX_PATH=/home/samuel/EiRT-AscenD-Robotics/install/dronehive_interfaces:${AMENT_PREFIX_PATH} CMAKE_PREFIX_PATH=/home/samuel/EiRT-AscenD-Robotics/install/dronehive_interfaces:/home/samuel/EiRT-AscenD-Robotics/ros2_ws/install/hmi_backend:/home/samuel/EiRT-AscenD-Robotics/ros2_ws/install/hmi:/home/samuel/EiRT-AscenD-Robotics/ros2_ws/install/dronehive_interfaces:/home/samuel/EiRT-AscenD-Robotics/ros2_ws/install/dronehive:/opt/ros/humble LD_LIBRARY_PATH=/home/samuel/EiRT-AscenD-Robotics/install/dronehive_interfaces/lib:${LD_LIBRARY_PATH} PYTHONPATH=/home/samuel/EiRT-AscenD-Robotics/install/dronehive_interfaces/local/lib/python3.10/dist-packages:${PYTHONPATH} /usr/bin/cmake --build /home/samuel/EiRT-AscenD-Robotics/build/hmi -- -j16 -l16
